<?xml version="1.0" encoding="UTF-8"?>
<!-- Generated by org.testng.reporters.JUnitReportReporter -->
<testsuite hostname="JAM-T-265" failures="0" tests="1" name="com.org.PointOfYou.TestCase.DorpDown" time="51.898" errors="0" timestamp="2023-10-10T15:39:04 IST" skipped="0">
  <testcase classname="com.org.PointOfYou.TestCase.DorpDown" name="loginvarificaton" time="51.898"/>
  <system-out/>
</testsuite> <!-- com.org.PointOfYou.TestCase.DorpDown -->
