<?xml version="1.0" encoding="UTF-8"?>
<!-- Generated by org.testng.reporters.JUnitReportReporter -->
<testsuite hostname="JAM-T-265" failures="0" tests="1" name="com.org.PointTOYou.TestCase.BeautyTestCase" time="13.011" errors="0" timestamp="2023-10-11T11:41:13 IST" skipped="0">
  <testcase classname="com.org.PointTOYou.TestCase.BeautyTestCase" name="BeautypageVarification" time="13.011"/>
  <system-out/>
</testsuite> <!-- com.org.PointTOYou.TestCase.BeautyTestCase -->
