<?xml version="1.0" encoding="UTF-8"?>
<!-- Generated by org.testng.reporters.JUnitReportReporter -->
<testsuite hostname="JAM-T-265" failures="0" tests="1" name="com.org.PointTOYou.TestCase.BaseMakeUPTestCase" time="20.664" errors="0" timestamp="2023-10-12T14:44:52 IST" skipped="0">
  <testcase classname="com.org.PointTOYou.TestCase.BaseMakeUPTestCase" name="MakeUP_pageVarification" time="20.664"/>
  <system-out/>
</testsuite> <!-- com.org.PointTOYou.TestCase.BaseMakeUPTestCase -->
