<?xml version="1.0" encoding="UTF-8"?>
<!-- Generated by org.testng.reporters.JUnitReportReporter -->
<testsuite hostname="JAM-T-265" failures="0" tests="1" name="com.org.PointOfYou.TestCase.BeautyTestCase" time="22.592" errors="0" timestamp="2023-10-10T12:30:55 IST" skipped="0">
  <testcase classname="com.org.PointOfYou.TestCase.BeautyTestCase" name="BeautypageVarification" time="22.592"/>
  <system-out/>
</testsuite> <!-- com.org.PointOfYou.TestCase.BeautyTestCase -->
